c:\users\fontesie\desktop\exter\fivem-external-dupa\x64\release\vc143.pdb
c:\users\fontesie\desktop\exter\fivem-external-dupa\x64\release\sdk.obj
c:\users\fontesie\desktop\exter\fivem-external-dupa\x64\release\overlay.obj
c:\users\fontesie\desktop\exter\fivem-external-dupa\x64\release\million.obj
c:\users\fontesie\desktop\exter\fivem-external-dupa\x64\release\imgui_widgets.obj
c:\users\fontesie\desktop\exter\fivem-external-dupa\x64\release\imgui_tables.obj
c:\users\fontesie\desktop\exter\fivem-external-dupa\x64\release\imgui_impl_win32.obj
c:\users\fontesie\desktop\exter\fivem-external-dupa\x64\release\imgui_impl_dx9.obj
c:\users\fontesie\desktop\exter\fivem-external-dupa\x64\release\imgui_draw.obj
c:\users\fontesie\desktop\exter\fivem-external-dupa\x64\release\imgui_demo.obj
c:\users\fontesie\desktop\exter\fivem-external-dupa\x64\release\imgui.obj
c:\users\fontesie\desktop\exter\fivem-external-dupa\x64\release\memory.obj
c:\users\fontesie\desktop\exter\fivem-external-dupa\x64\release\fivem-external.obj
c:\users\fontesie\desktop\exter\fivem-external-dupa\x64\release\hotkey.obj
c:\users\fontesie\desktop\exter\fivem-external-dupa\x64\release\exploits.obj
c:\users\fontesie\desktop\exter\fivem-external-dupa\x64\release\esp.obj
c:\users\fontesie\desktop\exter\fivem-external-dupa\x64\release\main.obj
c:\users\fontesie\desktop\exter\fivem-external-dupa\x64\release\aimbot.obj
c:\users\fontesie\desktop\exter\x64\build\fivem-external-dupa.exe
c:\users\fontesie\desktop\exter\fivem-external-dupa\x64\release\fivem-external-dupa.ipdb
c:\users\fontesie\desktop\exter\x64\build\fivem-external-dupa.pdb
c:\users\fontesie\desktop\exter\fivem-external-dupa\x64\release\fivem-external-dupa.iobj
c:\users\fontesie\desktop\exter\fivem-external-dupa\x64\release\fivem-ex.108c6c77.tlog\cl.command.1.tlog
c:\users\fontesie\desktop\exter\fivem-external-dupa\x64\release\fivem-ex.108c6c77.tlog\cl.read.1.tlog
c:\users\fontesie\desktop\exter\fivem-external-dupa\x64\release\fivem-ex.108c6c77.tlog\cl.write.1.tlog
c:\users\fontesie\desktop\exter\fivem-external-dupa\x64\release\fivem-ex.108c6c77.tlog\link.command.1.tlog
c:\users\fontesie\desktop\exter\fivem-external-dupa\x64\release\fivem-ex.108c6c77.tlog\link.read.1.tlog
c:\users\fontesie\desktop\exter\fivem-external-dupa\x64\release\fivem-ex.108c6c77.tlog\link.write.1.tlog
